10:51:05.853 [restartedMain] [0] INFO  com.q.ai.App 50 - Starting App on LAPTOP-R329AT4M with PID 5992 (started by Xiaohui in F:\项目组学习\Old\ai_intelligent_platform-develop)
10:51:05.884 [restartedMain] [0] INFO  com.q.ai.App 679 - The following profiles are active: beijing
10:51:05.994 [restartedMain] [0] INFO  o.s.b.d.e.DevToolsPropertyDefaultsPostProcessor 227 - For additional web related logging consider setting the 'logging.level.web' property to 'DEBUG'
10:51:07.653 [restartedMain] [0] INFO  o.s.b.w.e.t.TomcatWebServer 90 - Tomcat initialized with port(s): 8021 (http)
10:51:07.673 [restartedMain] [0] INFO  o.a.c.h.Http11NioProtocol 173 - Initializing ProtocolHandler ["http-nio-8021"]
10:51:07.688 [restartedMain] [0] INFO  o.a.c.c.StandardService 173 - Starting service [Tomcat]
10:51:07.689 [restartedMain] [0] INFO  o.a.c.c.StandardEngine 173 - Starting Servlet engine: [Apache Tomcat/9.0.16]
10:51:07.696 [restartedMain] [0] INFO  o.a.c.c.AprLifecycleListener 173 - The APR based Apache Tomcat Native library which allows optimal performance in production environments was not found on the java.library.path: [E:\Lenovo_Browses_Downloads\JDK\bin;C:\WINDOWS\Sun\Java\bin;C:\WINDOWS\system32;C:\WINDOWS;E:\Lenovo_Browses_Downloads\software\Anaconda3;E:\Lenovo_Browses_Downloads\software\Anaconda3\Library\mingw-w64\bin;E:\Lenovo_Browses_Downloads\software\Anaconda3\Library\usr\bin;E:\Lenovo_Browses_Downloads\software\Anaconda3\Library\bin;E:\Lenovo_Browses_Downloads\software\Anaconda3\Scripts;C:\Program Files (x86)\Common Files\Oracle\Java\javapath;E:\Lenovo_Browses_Downloads\VMware\bin\;C:\Windows\system32;C:\Windows;C:\Windows\System32\Wbem;C:\Windows\System32\WindowsPowerShell\v1.0\;C:\Windows\System32\OpenSSH\;C:\Program Files (x86)\NVIDIA Corporation\PhysX\Common;C:\Program Files\NVIDIA Corporation\NVIDIA NvDLISR;C:\WINDOWS\system32;C:\WINDOWS;C:\WINDOWS\System32\Wbem;C:\WINDOWS\System32\WindowsPowerShell\v1.0\;C:\WINDOWS\System32\OpenSSH\;E:\Lenovo_Browses_Downloads\JDK\bin;E:\Lenovo_Browses_Downloads\Mave\maven-3.5.4\bin;E:\Lenovo_Browses_Downloads\software\Git\cmd;E:\Lenovo_Browses_Downloads\software\Tomcat\apache-tomcat-9.0.63\bin;E:\Lenovo_Browses_Downloads\software\MYSQL\mysql-8.0.25-winx64\bin;%NPM_HOME%;E:\Lenovo_Browses_Downloads\software\node.js\node_modules;E:\Lenovo_Browses_Downloads\software\node.js\;E:\Lenovo_Browses_Downloads\software\微信web开发者工具\dll;E:\Lenovo_Browses_Downloads\software\TortoiseGit\bin;E:\Lenovo_Browses_Downloads\software\mongodb\mongodb-win32-x86_64-windows-5.0.15\bin;E:\Lenovo_Browses_Downloads\software\gradle\gradle-8.0.2\bin;E:\Lenovo_Browses_Downloads\software\MinGW\mingw64\bin;E:\Lenovo_Browses_Downloads\software\Python\Scripts\;E:\Lenovo_Browses_Downloads\software\Python\;C:\Users\Xiaohui\AppData\Local\Programs\Microsoft VS Code\bin;E:\Lenovo_Browses_Downloads\software\idea2019\IntelliJ IDEA 2019.3.3\bin;;E:\Lenovo_Browses_Downloads\software\Pycharm2018\PyCharm 2018.3.7\bin;;C:\Program Files (x86)\Tencent\QQGameTempest\Hall.57938\;E:\Lenovo_Browses_Downloads\software\node.js\node_global;C:\Users\Xiaohui\AppData\Roaming\npm;E:\Lenovo_Browses_Downloads\software\mongodb\MongoDB Shell Setup\;.]
10:51:07.826 [restartedMain] [0] INFO  o.a.c.c.C.[.[.[/] 173 - Initializing Spring embedded WebApplicationContext
10:51:07.827 [restartedMain] [0] INFO  o.s.w.c.ContextLoader 296 - Root WebApplicationContext: initialization completed in 1831 ms
10:51:07.871 [restartedMain] [0] INFO  c.q.a.c.c.MysqlConfig$$EnhancerBySpringCGLIB$$f68d940 28 - 注入bean:DataSource(for mybatis).
10:51:07.959 [restartedMain] [0] INFO  c.q.a.c.c.MysqlConfig$$EnhancerBySpringCGLIB$$f68d940 45 - 注入bean:SqlSessionFactory(for mybatis).
10:51:08.633 [restartedMain] [0] INFO  c.q.a.c.c.MysqlConfig$$EnhancerBySpringCGLIB$$f68d940 61 - 注入bean:SqlSessionTemplate(for mybatis).
10:51:08.742 [restartedMain] [0] INFO  c.q.a.c.c.EsHighLevelConfig 45 - ES服务未启用,修改配置: elasticsearch.enable 为true可启用ES.
10:51:08.754 [restartedMain] [0] INFO  c.q.a.c.c.EsHighLevelConfig 67 - 注入bean:HighLevelClient
10:51:10.980 [restartedMain] [0] INFO  o.s.s.c.ThreadPoolTaskExecutor 171 - Initializing ExecutorService 'applicationTaskExecutor'
10:51:11.383 [restartedMain] [0] INFO  o.s.s.c.ThreadPoolTaskScheduler 171 - Initializing ExecutorService 'taskScheduler'
10:51:11.484 [restartedMain] [0] INFO  o.s.b.d.a.OptionalLiveReloadServer 57 - LiveReload server is running on port 35729
10:51:11.529 [restartedMain] [0] INFO  o.a.c.h.Http11NioProtocol 173 - Starting ProtocolHandler ["http-nio-8021"]
10:51:11.545 [restartedMain] [0] INFO  o.s.b.w.e.t.TomcatWebServer 204 - Tomcat started on port(s): 8021 (http) with context path ''
10:51:11.548 [restartedMain] [0] INFO  com.q.ai.App 59 - Started App in 6.38 seconds (JVM running for 8.378)
10:51:26.933 [http-nio-8021-exec-1] [0] INFO  o.a.c.c.C.[.[.[/] 173 - Initializing Spring DispatcherServlet 'dispatcherServlet'
10:51:26.934 [http-nio-8021-exec-1] [0] INFO  o.s.w.s.DispatcherServlet 524 - Initializing Servlet 'dispatcherServlet'
10:51:26.953 [http-nio-8021-exec-1] [0] INFO  o.s.w.s.DispatcherServlet 546 - Completed initialization in 19 ms
10:51:26.995 [http-nio-8021-exec-1] [0] INFO  c.z.h.HikariDataSource 110 - HikariPool-1 - Starting...
10:51:27.466 [http-nio-8021-exec-1] [0] INFO  c.z.h.HikariDataSource 123 - HikariPool-1 - Start completed.
10:51:27.793 [http-nio-8021-exec-1] [1679885487754] INFO  c.q.a.c.c.ControllerAdvice 50 - RSException:-300,null
10:51:36.384 [http-nio-8021-exec-2] [1679885496341] INFO  c.q.a.m.c.UserController 47 - 请求入参:POST /user/login [{"password":"admin","userName":"admin"}]
10:51:36.391 [http-nio-8021-exec-2] [1679885496341] INFO  c.q.a.m.c.UserController 76 - 请求返回(47 ms):{"msg":"成功","code":0,"data":{"userName":"admin","userId":100000},"trackId":"1679885496341"}
10:51:36.795 [http-nio-8021-exec-3] [1679885496794] INFO  c.q.a.m.c.RobotController 47 - 请求入参:GET /robot/getList [1, 10]
10:51:36.820 [http-nio-8021-exec-3] [1679885496794] INFO  c.q.a.m.c.RobotController 76 - 请求返回(26 ms):{"msg":"成功","code":0,"data":{"page":{"number":1,"size":10,"total":5},"list":[{"createTime":"2022-05-02T02:19:16","creator":100000,"des":"wu","exceptionList":[],"id":18,"name":"互联网创新创业演示","noIntentList":[],"trainState":0,"updateTime":"2022-05-02T02:19:16","updater":100000},{"createTime":"2020-10-13T10:11:53","creator":0,"des":"演示","exceptionList":[],"id":10,"name":"出差申请-动前三思","noIntentList":[],"number":"1","trainState":1,"updateTime":"2022-04-18T16:21:30","updater":0},{"createTime":"2020-11-28T15:09:15","creator":2,"des":"语音订单","exceptionList":[],"id":16,"name":"语音订单","noIntentList":[],"number":"3","trainState":3,"updateTime":"2022-04-16T16:40:12","updater":0},{"createTime":"2020-12-15T11:46:59","creator":100000,"des":"","exceptionList":[],"id":17,"name":"测试一下","noIntentList":[],"number":"4","trainState":0,"updateTime":"2020-12-15T11:47:10","updater":0},{"createTime":"2020-10-18T06:56:59","creator":1,"des":"用来演示的","exceptionList":[],"id":13,"name":"演示专用","noIntentList":[],"number":"2","trainState":1,"updateTime":"2020-12-01T09:53:09","updater":0}]},"trackId":"1679885496794"}
10:51:58.144 [http-nio-8021-exec-4] [1679885518142] INFO  c.q.a.m.c.IntentController 47 - 请求入参:GET /intent/getList [1, 10]
10:51:58.184 [http-nio-8021-exec-4] [1679885518142] INFO  c.q.a.m.c.IntentController 76 - 请求返回(42 ms):{"msg":"成功","code":0,"data":{"page":{"number":1,"size":10,"total":4},"list":[{"createTime":"2022-05-01T16:13:59","creator":100000,"des":"","id":28,"name":"出差申请1","number":"CCSQ_ss","updateTime":"2022-05-01T16:13:59","updater":0},{"createTime":"2020-11-30T10:27:04","creator":0,"des":"","id":26,"name":"出差申请","number":"BUS_TRIP","updateTime":"2022-04-16T08:49:32","updater":0},{"createTime":"2020-10-12T14:50:17","creator":0,"des":"语音下单","id":12,"name":"销售订单","number":"sale_order","updateTime":"2020-11-29T08:21:04","updater":0},{"createTime":"2020-11-28T14:47:30","creator":0,"des":"通过语音下订单","id":25,"name":"语音下订单","number":"yuying_order","updateTime":"2020-11-28T14:47:30","updater":0}]},"trackId":"1679885518142"}
10:52:00.910 [http-nio-8021-exec-5] [1679885520908] INFO  c.q.a.m.c.BaseDataController 47 - 请求入参:GET /baseData/getList [1, 10]
10:52:00.934 [http-nio-8021-exec-5] [1679885520908] INFO  c.q.a.m.c.BaseDataController 76 - 请求返回(26 ms):{"msg":"成功","code":0,"data":{"page":{"number":1,"size":10,"total":8},"list":[{"createTime":"2020-12-08T07:42:58","creator":0,"des":"44","id":42,"name":"44","number":"44"},{"createTime":"2020-11-30T12:34:10","creator":0,"des":"是否拆单","id":41,"name":"是否拆单","number":"T_BD_WHETHERSPLIT"},{"createTime":"2020-11-28T14:40:14","creator":0,"des":"公司信息","id":40,"name":"公司信息","number":"T_BD_ORCLEASINFO"},{"createTime":"2020-11-28T14:37:07","creator":0,"des":"werwerwrwe","id":39,"name":"446666","number":"ljk&lkhuoh"},{"createTime":"2020-11-28T14:31:23","creator":0,"des":"产品信息","id":38,"name":"产品信息","number":"T_BD_MATERIAL"},{"createTime":"2020-11-28T13:04:49","creator":0,"des":"计量单位","id":37,"name":"计量单位","number":"T_BD_MEASUREUNIT"},{"createTime":"2020-11-28T12:59:39","creator":0,"des":"清单类型 ","id":36,"name":"清单类型","number":"T_BD_WHETHER_QINGDANLEIXING"},{"createTime":"2020-11-28T12:55:03","creator":0,"des":"发票类型 ","id":35,"name":"发票类型","number":"T_BD_WHETHER_FAPIAOLEIXING"}]},"trackId":"1679885520908"}
10:52:09.219 [http-nio-8021-exec-7] [1679885529218] INFO  c.q.a.m.c.RobotController 47 - 请求入参:GET /robot/getList [1, 10]
10:52:09.234 [http-nio-8021-exec-7] [1679885529218] INFO  c.q.a.m.c.RobotController 76 - 请求返回(16 ms):{"msg":"成功","code":0,"data":{"page":{"number":1,"size":10,"total":5},"list":[{"createTime":"2022-05-02T02:19:16","creator":100000,"des":"wu","exceptionList":[],"id":18,"name":"互联网创新创业演示","noIntentList":[],"trainState":0,"updateTime":"2022-05-02T02:19:16","updater":100000},{"createTime":"2020-10-13T10:11:53","creator":0,"des":"演示","exceptionList":[],"id":10,"name":"出差申请-动前三思","noIntentList":[],"number":"1","trainState":1,"updateTime":"2022-04-18T16:21:30","updater":0},{"createTime":"2020-11-28T15:09:15","creator":2,"des":"语音订单","exceptionList":[],"id":16,"name":"语音订单","noIntentList":[],"number":"3","trainState":3,"updateTime":"2022-04-16T16:40:12","updater":0},{"createTime":"2020-12-15T11:46:59","creator":100000,"des":"","exceptionList":[],"id":17,"name":"测试一下","noIntentList":[],"number":"4","trainState":0,"updateTime":"2020-12-15T11:47:10","updater":0},{"createTime":"2020-10-18T06:56:59","creator":1,"des":"用来演示的","exceptionList":[],"id":13,"name":"演示专用","noIntentList":[],"number":"2","trainState":1,"updateTime":"2020-12-01T09:53:09","updater":0}]},"trackId":"1679885529218"}
15:25:27.385 [HikariPool-1 housekeeper] [0] WARN  c.z.h.p.HikariPool 766 - HikariPool-1 - Thread starvation or clock leap detected (housekeeper delta=1h58m59s290ms968µs200ns).
