20:00:52.869 [restartedMain] [0] INFO  com.q.ai.App 50 - Starting App on LAPTOP-KG102MKP with PID 51004 (G:\projects2\work2\ai_intelligent_platform-develop\java\build\classes\java\main started by HQW in G:\projects2\work2\ai_intelligent_platform-develop\java)
20:00:52.872 [restartedMain] [0] INFO  com.q.ai.App 679 - The following profiles are active: beijing
20:00:52.914 [restartedMain] [0] INFO  o.s.b.d.e.DevToolsPropertyDefaultsPostProcessor 227 - For additional web related logging consider setting the 'logging.level.web' property to 'DEBUG'
20:00:54.693 [restartedMain] [0] INFO  o.s.b.w.e.t.TomcatWebServer 90 - Tomcat initialized with port(s): 8021 (http)
20:00:54.719 [restartedMain] [0] INFO  o.a.c.h.Http11NioProtocol 173 - Initializing ProtocolHandler ["http-nio-8021"]
20:00:54.733 [restartedMain] [0] INFO  o.a.c.c.StandardService 173 - Starting service [Tomcat]
20:00:54.734 [restartedMain] [0] INFO  o.a.c.c.StandardEngine 173 - Starting Servlet engine: [Apache Tomcat/9.0.16]
20:00:54.744 [restartedMain] [0] INFO  o.a.c.c.AprLifecycleListener 173 - The APR based Apache Tomcat Native library which allows optimal performance in production environments was not found on the java.library.path: [D:\JDK 8\bin;C:\Windows\Sun\Java\bin;C:\Windows\system32;C:\Windows;C:\Program Files\Common Files\Oracle\Java\javapath;C:\Program Files (x86)\Common Files\Oracle\Java\javapath;D:\虚拟机\VMware 16\bin\;C:;Windows\system32;C:\Windows;C:\Windows\System32\Wbem;C:\Windows\System32\WindowsPowerShell\v1.0\;C:\Windows\System32\OpenSSH\;C:\Program Files (x86)\NVIDIA Corporation\PhysX\Common;C:\Program Files\NVIDIA Corporation\NVIDIA NvDLISR;C:\Windows\system32;C:\Windows;C:\Windows\System32\Wbem;C:\Windows\System32\WindowsPowerShell\v1.0\;C:\Windows\System32\OpenSSH\;D:\JDK 8\bin;D:\maven\maven-3.5.4\maven-3.5.4\bin;D:\压缩软件\Bandzip\Bandizip\;C:\Program Files\MySQL\MySQL Server 8.0\bin;D:\gradle\gradle-7.1-bin\gradle-7.1\bin;%NODE_PATH%;D:\tomcat\apache-tomcat-9.0.63\apache-tomcat-9.0.63\lib;D:\tomcat\apache-tomcat-9.0.63\apache-tomcat-9.0.63\lib\servlet-api.jar;D:\tomcat\apache-tomcat-9.0.63\apache-tomcat-9.0.63\lib\jsp-api.jar;D:\JDK\jdk 11\bin;D:\MongoDB\bin;D:\node;D:\node\node_global;D:\工具软件类\WeChatTool\微信web开发者工具\dll;D:\Git\cmd;D:\idea 2020\spring-2.7.3\bin;C:\Users\HQW\AppData\Local\Programs\Python\Python39\Scripts;D:\JDK\jdk17\bin;F:\VM\hadoop3.x\hadooop_win\hadoop-3.1.0\bin;D:\tools\matlab\runtime\win64;D:\tools\matlab\bin;D:\a_tool3\ffmpeg\ffmpeg-5.1.2-essentials_build\bin;C:\Users\HQW\AppData\Local\Programs\Python\Python39\Scripts\;C:\Users\HQW\AppData\Local\Programs\Python\Python39\;C:\Users\HQW\AppData\Local\Microsoft\WindowsApps;D:\node\node_modules\npm;D:\tools\IDEA\2022.1.4\IntelliJ IDEA 2022.1.4\bin;;C:\Users\HQW\AppData\Roaming\Microsoft\Windows\Start Menu\Programs\Python 3.9;;D:\python\PyCharm 2021.3.3\bin;;D:\python\PyCharm Community Edition 2021.1.3\bin;;D:\tools\VS\Microsoft VS Code\bin;.]
20:00:54.946 [restartedMain] [0] INFO  o.a.c.c.C.[.[.[/] 173 - Initializing Spring embedded WebApplicationContext
20:00:54.946 [restartedMain] [0] INFO  o.s.w.c.ContextLoader 296 - Root WebApplicationContext: initialization completed in 2032 ms
20:00:54.982 [restartedMain] [0] INFO  c.q.a.c.c.MysqlConfig$$EnhancerBySpringCGLIB$$e4955a81 28 - 注入bean:DataSource(for mybatis).
20:00:55.043 [restartedMain] [0] INFO  c.q.a.c.c.MysqlConfig$$EnhancerBySpringCGLIB$$e4955a81 45 - 注入bean:SqlSessionFactory(for mybatis).
20:00:55.938 [restartedMain] [0] INFO  c.q.a.c.c.MysqlConfig$$EnhancerBySpringCGLIB$$e4955a81 61 - 注入bean:SqlSessionTemplate(for mybatis).
20:00:56.013 [restartedMain] [0] INFO  c.q.a.c.c.EsHighLevelConfig 45 - ES服务未启用,修改配置: elasticsearch.enable 为true可启用ES.
20:00:56.030 [restartedMain] [0] INFO  c.q.a.c.c.EsHighLevelConfig 67 - 注入bean:HighLevelClient
20:00:57.881 [restartedMain] [0] INFO  o.s.s.c.ThreadPoolTaskExecutor 171 - Initializing ExecutorService 'applicationTaskExecutor'
20:00:58.288 [restartedMain] [0] INFO  o.s.s.c.ThreadPoolTaskScheduler 171 - Initializing ExecutorService 'taskScheduler'
20:00:58.429 [restartedMain] [0] INFO  o.s.b.d.a.OptionalLiveReloadServer 57 - LiveReload server is running on port 35729
20:00:58.481 [restartedMain] [0] INFO  o.a.c.h.Http11NioProtocol 173 - Starting ProtocolHandler ["http-nio-8021"]
20:00:58.499 [restartedMain] [0] INFO  o.s.b.w.e.t.TomcatWebServer 204 - Tomcat started on port(s): 8021 (http) with context path ''
20:00:58.503 [restartedMain] [0] INFO  com.q.ai.App 59 - Started App in 6.087 seconds (JVM running for 7.27)
